<?xml version="1.0" encoding="UTF-8"?>
<!-- Generated by org.testng.reporters.JUnitReportReporter -->
<testsuite hostname="LMANTRAMEWURK17" failures="0" tests="2" name="com.qa.mewurk.test.attendance.SettingForAttendanceTesting" time="21.648" errors="0" timestamp="2022-09-01T11:06:06 IST" skipped="0">
  <testcase classname="com.qa.mewurk.test.attendance.SettingForAttendanceTesting" name="settingspagetitleTest" time="11.991"/>
  <system-out/>
  <testcase classname="com.qa.mewurk.test.attendance.SettingForAttendanceTesting" name="testclickonattendance" time="9.657"/>
  <system-out/>
</testsuite> <!-- com.qa.mewurk.test.attendance.SettingForAttendanceTesting -->
