<?xml version="1.0" encoding="UTF-8"?>
<!-- Generated by org.testng.reporters.JUnitReportReporter -->
<testsuite hostname="LMANTRAMEWURK17" failures="0" tests="2" name="com.qa.mewurk.test.attendance.LoginAttendancetesting" time="11.329" errors="0" timestamp="2022-09-01T11:06:06 IST" skipped="0">
  <testcase classname="com.qa.mewurk.test.attendance.LoginAttendancetesting" name="loginpagelabelTest" time="5.392"/>
  <system-out/>
  <testcase classname="com.qa.mewurk.test.attendance.LoginAttendancetesting" name="loginTest" time="5.937"/>
  <system-out/>
</testsuite> <!-- com.qa.mewurk.test.attendance.LoginAttendancetesting -->
