<?xml version="1.0" encoding="UTF-8"?>
<!-- Generated by org.testng.reporters.JUnitReportReporter -->
<testsuite hostname="LMANTRAMEWURK17" failures="0" tests="2" name="com.qa.mewurk.test.attendance.FlexiPolicyTest" time="27.201" errors="0" timestamp="2022-09-01T11:06:06 IST" skipped="0">
  <testcase classname="com.qa.mewurk.test.attendance.FlexiPolicyTest" name="TestAttendanceFlexiPolicy" time="11.758"/>
  <system-out/>
  <testcase classname="com.qa.mewurk.test.attendance.FlexiPolicyTest" name="TestEditAttendanceFlexiPolicy" time="15.443"/>
  <system-out/>
</testsuite> <!-- com.qa.mewurk.test.attendance.FlexiPolicyTest -->
