<?xml version="1.0" encoding="UTF-8"?>
<!-- Generated by org.testng.reporters.JUnitReportReporter -->
<testsuite hostname="LMANTRAMEWURK17" failures="0" tests="3" name="com.qa.mewurk.test.attendance.ChooseTemplateTest" time="75.127" errors="0" timestamp="2022-09-01T11:06:06 IST" skipped="0">
  <testcase classname="com.qa.mewurk.test.attendance.ChooseTemplateTest" name="TestFlexiPolicy" time="51.627"/>
  <system-out/>
  <testcase classname="com.qa.mewurk.test.attendance.ChooseTemplateTest" name="TestFixedPolicy" time="11.725"/>
  <system-out/>
  <testcase classname="com.qa.mewurk.test.attendance.ChooseTemplateTest" name="TestNoAttendance" time="11.775"/>
  <system-out/>
</testsuite> <!-- com.qa.mewurk.test.attendance.ChooseTemplateTest -->
