<?xml version="1.0" encoding="UTF-8"?>
<!-- Generated by org.testng.reporters.JUnitReportReporter -->
<testsuite hostname="LMANTRAMEWURK5" failures="0" tests="1" name="com.mewurk.test.HomePageTesting" time="23.052" errors="0" timestamp="2022-12-12T19:22:35 IST" skipped="0">
  <testcase classname="com.mewurk.test.HomePageTesting" name="homepagetitleTest" time="23.052"/>
  <system-out/>
</testsuite> <!-- com.mewurk.test.HomePageTesting -->
