<?xml version="1.0" encoding="UTF-8"?>
<!-- Generated by org.testng.reporters.JUnitReportReporter -->
<testsuite hostname="LMANTRAMEWURK5" failures="0" tests="2" name="com.mewurk.test.LoginPageTesting" time="45.294" errors="0" timestamp="2022-12-12T19:18:47 IST" skipped="0">
  <testcase classname="com.mewurk.test.LoginPageTesting" name="loginpagelabelTest" time="21.682"/>
  <system-out/>
  <testcase classname="com.mewurk.test.LoginPageTesting" name="loginTest" time="23.612"/>
  <system-out/>
</testsuite> <!-- com.mewurk.test.LoginPageTesting -->
