<?xml version="1.0" encoding="UTF-8"?>
<!-- Generated by org.testng.reporters.JUnitReportReporter -->
<testsuite hostname="LMANTRAMEWURK5" failures="0" tests="2" name="com.mewurk.test.LoginPageTesting" time="67.347" errors="0" timestamp="2022-11-02T14:10:26 IST" skipped="0">
  <testcase classname="com.mewurk.test.LoginPageTesting" name="loginpagelabelTest" time="31.430"/>
  <system-out/>
  <testcase classname="com.mewurk.test.LoginPageTesting" name="loginTest" time="35.917"/>
  <system-out/>
</testsuite> <!-- com.mewurk.test.LoginPageTesting -->
