<?xml version="1.0" encoding="UTF-8"?>
<!-- Generated by org.testng.reporters.JUnitReportReporter -->
<testsuite hostname="LMANTRAMEWURK5" failures="0" tests="1" name="com.mewurk.test.PanelnotificationPageTesting" time="31.937" errors="0" timestamp="2022-12-13T11:06:20 IST" skipped="0">
  <testcase classname="com.mewurk.test.PanelnotificationPageTesting" name="testclickonnotification" time="31.937"/>
  <system-out/>
</testsuite> <!-- com.mewurk.test.PanelnotificationPageTesting -->
